<?xml version="1.0" encoding="UTF-8"?>
<!-- Generated by org.testng.reporters.JUnitReportReporter -->
<testsuite hostname="DESKTOP-THSP2PE" name="com.staples.RelatedCat" tests="1" failures="0" timestamp="21 May 2020 23:32:04 GMT" time="14.446" errors="0">
  <testcase name="menu" time="14.446" classname="com.staples.RelatedCat"/>
</testsuite> <!-- com.staples.RelatedCat -->
