<?xml version="1.0" encoding="UTF-8"?>
<!-- Generated by org.testng.reporters.JUnitReportReporter -->
<testsuite hostname="DESKTOP-THSP2PE" name="com.apex.ecommerce.signon.test.SignonTest" tests="8" failures="0" timestamp="21 Nov 2019 20:21:02 GMT" time="69.675" errors="0">
  <testcase name="testLoginWithDataDriven" time="8.681" classname="com.apex.ecommerce.signon.test.SignonTest"/>
  <testcase name="testLoginWithDataDriven" time="8.613" classname="com.apex.ecommerce.signon.test.SignonTest"/>
  <testcase name="testLoginWithDataDriven" time="9.919" classname="com.apex.ecommerce.signon.test.SignonTest"/>
  <testcase name="testLoginWithDataDriven" time="8.495" classname="com.apex.ecommerce.signon.test.SignonTest"/>
  <testcase name="testLoginWithDataDriven" time="8.432" classname="com.apex.ecommerce.signon.test.SignonTest"/>
  <testcase name="testLoginWithDataDriven" time="8.387" classname="com.apex.ecommerce.signon.test.SignonTest"/>
  <testcase name="testLoginWithDataDriven" time="8.605" classname="com.apex.ecommerce.signon.test.SignonTest"/>
  <testcase name="testLoginWithDataDriven" time="8.543" classname="com.apex.ecommerce.signon.test.SignonTest"/>
</testsuite> <!-- com.apex.ecommerce.signon.test.SignonTest -->
