<?xml version="1.0" encoding="UTF-8"?>
<!-- Generated by org.testng.reporters.JUnitReportReporter -->
<testsuite hostname="DESKTOP-THSP2PE" name="com.apex.ecommerce.order.test.OrderTest" tests="1" failures="0" timestamp="21 Nov 2019 19:42:53 GMT" time="14.021" errors="0">
  <testcase name="testwithValidData" time="14.021" classname="com.apex.ecommerce.order.test.OrderTest"/>
</testsuite> <!-- com.apex.ecommerce.order.test.OrderTest -->
